AR 0.150355
NR3C2 0.149199
KCNA10 0.142501
TSPAN13 0.140585
NR4A3 0.13717
APH1A 0.130601
NR3C1 0.130314
PGR 0.128943
ANXA1 0.126927
CHDC2 0.125328
ICMT 0.121702
SHBG 0.117887
OSBPL8 0.116972
GRP 0.116507
NUP107 0.115191
OSBPL5 0.114722
EGFLAM 0.113803
SLC8A3 0.11279
TMEM86B 0.111063
GPRC5A 0.109325
ELOVL4 0.108898
ELOVL7 0.108784
CSF2RA 0.107908
LXN 0.107615
NR0B1 0.10721
ELOVL1 0.107113
SLC8A2 0.107032
ELOVL3 0.106875
PRLR 0.106277
RARRES1 0.105407
COX7A2L 0.105226
COX7A2 0.105226
COX7A1 0.105226
SLC8A1 0.104464
APH1B 0.0997409
RPS23 0.0972011
MRPS12 0.0972011
PLEKHG4 0.0968615
AIFM1 0.0967508
IL22RA2 0.0962928
ZMYM6 0.0959261
HRASLS5 0.0953214
HRASLS2 0.0952328
TARBP2 0.0947786
LRAT 0.0940265
PLA2G16 0.0939633
RBP3 0.0937316
PRKRA 0.0931934
PON2 0.0929974
PON1 0.0929974
EML6 0.0929221
PON3 0.0929056
RLBP1 0.0926816
RSPH6A 0.0924799
RARRES3 0.0924786
FAM84A 0.0924395
CLSTN3 0.0914759
OSBPL9 0.0913498
USP18 0.0909784
FAM84B 0.0901266
RDH8 0.0892555
AMY2B 0.0890662
AMY2A 0.0890662
RDH14 0.0889567
RDH13 0.0889567
RDH12 0.0889567
CELA2B 0.0888763
VDR 0.0887586
RDH11 0.088486
DHRS7 0.088486
RETSAT 0.0871087
SCG3 0.0849444
ATRN 0.0843405
CD248 0.0842798
RTN4 0.0826892
MDFIC 0.0826838
ITGB7 0.0826684
ITGB5 0.0825913
NPTXR 0.0819528
HEXDC 0.0818869
MOB3C 0.0816432
MRPL22 0.0814778
REEP1 0.0813727
KALRN 0.0809527
PGLYRP4 0.0809147
FAM26E 0.0801144
NEU2 0.079809
NEU1 0.079809
TECR 0.0796575
MSC 0.0791235
SRD5A1 0.0791216
ROPN1B 0.0791195
NEU3 0.0789903
SQRDL 0.0789094
SRD5A2 0.0788986
OTOS 0.0787759
PGLYRP3 0.0787725
DISC1 0.0787444
SI 0.0784233
PTX4 0.0777725
PAPPA2 0.0777725
NPTX2 0.0777725
ITGB6 0.0775807
GPATCH2L 0.0772023
DLGAP4 0.0772023
CRP 0.0771902
APCS 0.0771902
CLSTN1 0.0769167
TSSC4 0.0768897
LOC651959 0.0765816
GLT6D1 0.076512
LOC101060321 0.0764802
CLSTN2 0.0763261
P4HB 0.0761992
NXN 0.0760797
TXNDC15 0.0756523
SRD5A3 0.0754777
ERP27 0.0754704
ITGB1 0.0751628
ABO 0.0750735
IFNG 0.0750196
ATOH1 0.0749915
AFTPH 0.0747818
CALR3 0.0746568
POM121 0.0746553
NOLC1 0.0746553
TCEAL4 0.0745982
LGALS8 0.0745921
CUZD1 0.0744077
PCDH7 0.074287
PTX3 0.0742252
AREG 0.0740097
LSM14A 0.0739192
TPGS2 0.073738
FAM219A 0.0736386
LGALS3 0.0730691
PGLYRP2 0.0729536
TRPV1 0.0729398
NOTCH2NL 0.072895
NRXN1 0.0728893
FGF8 0.0728164
ARFGEF1 0.0727312
NFKB2 0.0726379
MPHOSPH10 0.0724908
CLEC4F 0.0722739
MYOZ1 0.0720992
ANO7 0.0720456
FGF9 0.0717627
FGF7 0.071658
FGF18 0.071658
FGF17 0.071658
PGLYRP1 0.0715963
ROPN1 0.0715898
EYA2 0.0713846
TECRL 0.0712184
TMEM215 0.0709992
SYNM 0.0709694
FGF2 0.0709079
FGF14 0.0709079
PKD1L3 0.0708161
HSD3B7 0.0707636
FGF11 0.0707208
LYG1 0.0706992
IL1A 0.0706673
FGF4 0.0706673
FGF16 0.0706673
FGF13 0.0706673
FGF12 0.0706673
FGF1 0.0706673
CD72 0.0705062
FGF3 0.0704776
FGF22 0.0704776
FGF21 0.0704776
POLR3H 0.0702696
TRPC1 0.0701822
GML 0.0700392
PROK2 0.0699586
WFDC6 0.0698834
LGALS14 0.0698468
LGALS12 0.0698468
LGALS1 0.0698468
NFKBIL1 0.0698427
OR1N1 0.0698269
FGF20 0.0698224
SGOL1 0.0696785
FGF5 0.0695796
FGF23 0.0695796
MYH8 0.0692495
MYH2 0.0692495
KLRG1 0.0691092
KLRD1 0.0691092
KLRC2 0.0691092
KLRC1 0.0691092
CLEC3B 0.0691092
CLEC1B 0.0691092
ASGR1 0.0691092
GNRH2 0.068998
ITGB2 0.0689499
CLEC18A 0.0689259
AZGP1 0.0689037
TSPYL1 0.0688577
COX11 0.0688577
CLEC11A 0.0688355
AFF2 0.0687454
PROK1 0.0687441
MYOZ3 0.0686566
MSMB 0.0685558
NUDCD2 0.0684342
LGALS7B 0.0684135
LGALS2 0.0684135
FOXF1 0.0683928
FGF6 0.0683926
KRTAP4-1 0.0683872
CLGN 0.0683681
SIGLEC7 0.0683642
SPSB4 0.068344
FOXD1 0.0680781
GPR137 0.0680264
PRG3 0.0678557
OLR1 0.0678557
KLRC4-KLRK1 0.0678557
FREM1 0.0678557
CLEC7A 0.0678557
CLEC6A 0.0678557
CLEC2L 0.0678557
CLEC2B 0.0678557
CLEC12B 0.0678557
CD69 0.0678557
FGF19 0.0678402
MYH9 0.0678151
MYH3 0.0678151
MYH15 0.0678151
MYH13 0.0678151
CLEC2A 0.0678124
MYO7A 0.0676067
MYO6 0.0676067
MYO5C 0.0676067
MYO5B 0.0676067
MYO5A 0.0676067
MYO1H 0.0676067
MYO1B 0.0676067
MYO1A 0.0676067
MYO19 0.0676067
MYH11 0.0676067
CDC45 0.0676022
PRCC 0.067445
OSBPL3 0.0672762
FGF10 0.0672305
DLK2 0.0671739
IFNLR1 0.06717
ARFGEF2 0.0671245
ZNF92 0.0671202
TEX101 0.0671098
SP4 0.0671098
PPP1R3B 0.0670977
KATNBL1 0.0670429
KLRG2 0.0669093
EHBP1 0.066889
COPS5 0.0668662
TMEM259 0.0666759
MYO1C 0.066479
FAM169B 0.0664679
ATMIN 0.0663242
CALR 0.0661443
CT47A5 0.0661176
LRRTM1 0.0660955
FLRT1 0.0660955
TONSL 0.0660385
LYG2 0.0659619
C1orf141 0.0658911
CRIPAK 0.0658801
LRTOMT 0.0657982
MYH14 0.0657814
KLRB1 0.065722
LRRC4C 0.0656261
PRG2 0.0656164
CLEC9A 0.0656164
CLEC2D 0.0656164
CD22 0.0655905
LRRCC1 0.0655806
KLRF1 0.0655228
USP1 0.0655106
PIGQ 0.0655073
SIGLEC15 0.0654805
C10orf105 0.0654475
MRPL4 0.0653069
OPTC 0.0651546
LGALS4 0.0651176
IL36A 0.0650975
TCERG1L 0.0650934
COX19 0.0650601
GBGT1 0.0649874
LGALS9 0.0649556
FLRT2 0.0649118
CAMTA2 0.0648889
MYO16 0.0648091
REG1B 0.0647969
SLITRK5 0.0647115
LRRC17 0.0645738
GP2 0.0645465
NOMO2 0.0645303
PRKAB1 0.0644406
NAGPA 0.0643496
ABLIM1 0.0643312
LRRTM2 0.0643064
NTNG1 0.0642494
VMO1 0.0642284
CANX 0.0641658
KRTAP2-4 0.064017
TBC1D5 0.0640072
TP53AIP1 0.0639533
LRRTM3 0.0639533
MYO1D 0.0639258
LGALS13 0.0638928
REG4 0.0638433
KLRF2 0.0638433
CLEC12A 0.0638433
STBD1 0.0638171
B4GALT4 0.0637974
B4GALT3 0.0637974
B4GALT2 0.0637974
IL36B 0.0636782
CLEC5A 0.0635372
GAL 0.0634654
FAM8A1 0.0634568
OR4C3 0.0633503
MFSD6 0.0633374
OR4S1 0.0633332
ARHGEF7 0.0632067
FOXA1 0.0631981
PRICKLE3 0.0631779
PRR23B 0.0631718
LGALS9C 0.0630425
CABYR 0.0629274
SESTD1 0.0628879
RENBP 0.0628759
JAG2 0.0628334
IL1B 0.0627501
LRTM2 0.0627124
NAGK 0.062647
ERLEC1 0.0626402
CLC 0.0626402
TRPC4 0.0626122
TDGF1 0.062609
HBEGF 0.0625934
SF3B1 0.0625455
DLK1 0.0624071
C11orf97 0.0622899
IKZF3 0.0621438
BEND2 0.0619483
MRPL32 0.061896
TSPYL5 0.061879
LGALS9B 0.0618211
CHAD 0.0617738
NAGLU 0.0617731
TOP2A 0.0617098
FAM160A1 0.06162
MEF2C 0.0615919
ELFN2 0.0615919
OR5B12 0.0615528
CD44 0.0615421
BTAF1 0.0615035
OR5D13 0.0614829
NAT16 0.0614232
MRPL27 0.0612733
PPP2R1B 0.0612518
ZFP2 0.0611631
OS9 0.0610574
CDHR4 0.0609828
FLRT3 0.0609715
PPP2R1A 0.0609263
LRRN2 0.0607594
SHOC2 0.0607466
PTTG2 0.0607466
ETV2 0.0606378
TCTN3 0.060628
MYPOP 0.060628
SIGLEC6 0.0606247
ATRAID 0.0606102
ZNF513 0.0605354
LRRC26 0.0604406
ZNF428 0.0604001
TUSC1 0.0604001
TPD52L2 0.0604001
NINJ2 0.0604001
KRTAP3-3 0.0604001
KRTAP20-3 0.0604001
GIP 0.0604001
FOXP1 0.0604001
FAM122C 0.0604001
ENSA 0.0604001
EFNA2 0.0604001
EFNA1 0.0604001
DPPA3 0.0604001
DEFB119 0.0604001
CEP68 0.0604001
BUD31 0.0604001
BAALC 0.0604001
NFE2 0.0603466
PRRG3 0.060333
CDH16 0.060333
FAM149B1 0.0601963
ARHGAP33 0.0601531
CLEC18C 0.0601241
LAMB4 0.0600789
HERC6 0.0600625
OR7D2 0.060022
VASN 0.0599862
TPBG 0.0599862
SLITRK1 0.0599862
LRRTM4 0.0599862
TSKU 0.0599724
THSD7B 0.0598755
PSD2 0.0598372
FBXO8 0.0598372
NR1I3 0.0597898
LRCOL1 0.0597119
PPP6C 0.0596979
LRRC28 0.0596418
SIGLEC9 0.0595904
RLTPR 0.0595604
PRELP 0.0595604
LRRC3 0.0595604
ACRV1 0.0595571
DNMT3A 0.0595232
PSD4 0.0594644
C12orf74 0.0594382
STAT5A 0.0594329
GBF1 0.0593911
SLC24A1 0.0593822
LY75 0.0593169
LRRC32 0.0593093
YAF2 0.0592572
TSPY8 0.0592572
RYBP 0.0592572
NAP1L5 0.0592572
PINLYP 0.0592294
LRRC23 0.0592294
MYOZ2 0.0592165
CLEC4M 0.0591989
SLC15A1 0.0591105
MGARP 0.0589173
LRRC19 0.0589122
NRG4 0.0588716
THBS4 0.0588238
DKK1 0.0588238
ITFG1 0.058793
FBXO6 0.058793
LRRC29 0.0587432
CCDC166 0.0587301
IL1RAP 0.0586226
LRRC8B 0.0585956
PPHLN1 0.0585795
HEXB 0.058575
HEXA 0.058575
ELK3 0.0585534
C1orf168 0.0585467
LOC648044 0.0584884
EGFL8 0.0584775
PRAMEF25 0.0584741
CCDC47 0.0584425
SALL3 0.0583453
PNISR 0.0582855
CLEC4C 0.0582491
CLEC4A 0.0582491
CD207 0.0582491
ASGR2 0.0582491
GATA6 0.0582084
CLEC4E 0.058175
LRRC46 0.0581562
MC3R 0.0580578
ERVMER34-1 0.0580432
LRRC8E 0.0580167
KIR2DL4 0.0580167
SELE 0.0579271
OR1S2 0.057765
GP5 0.0577525
LRRN3 0.0577428
RP11-797H7.5 0.0577316
GGA3 0.0577316
CSF1 0.0577316
CDCP1 0.0577316
ITGB3 0.0576712
OIP5 0.057671
PLAUR 0.0576481
PLA2R1 0.0575874
LRRC37B 0.0575553
LRRC25 0.0575147
ZNF214 0.0574732
IL1RN 0.0574289
PSD 0.0573854
EXO1 0.0573671
RTN4RL1 0.0573543
LRRC70 0.0573543
RFXAP 0.0573157
TBXA2R 0.0572962
C10orf95 0.0572287
TGM6 0.0571237
SEMA3B 0.0571237
PRKAB2 0.057085
LRRC59 0.0570478
ESM1 0.057037
SIGLEC12 0.0569632
LCE2B 0.0569438
C5orf24 0.0569322
TLR2 0.0568867
SKP2 0.0568737
ICAM1 0.056683
XRRA1 0.0566786
CEP97 0.0566559
BANK1 0.0566203
IL2RG 0.056607
MATR3 0.056592
LTBP1 0.0565877
SELP 0.0565573
SELL 0.0565573
PODNL1 0.0565542
LYPD6B 0.0565181
TMEM44 0.0564991
LRRC16A 0.0564742
OSBPL7 0.0564551
DEFB112 0.0564102
DBNDD2 0.0564102
AES 0.0564102
LRRC10B 0.0562773
WT1 0.0562506
ZSCAN30 0.0561999
TNFRSF1B 0.0561999
CDH2 0.0561999
CD320 0.0561999
C2orf27A 0.0561999
ELF2 0.0561906
RAB3IP 0.0561828
AVPR2 0.056107
COLEC12 0.0561044
CLEC10A 0.0561044
SLIT3 0.0560681
CDIPT 0.0560298
TSHR 0.0559981
KERA 0.0559981
RELL2 0.0559353
ZFP91 0.0559235
TBX18 0.0559235
CNOT3 0.0559235
PSD3 0.05592
NTN4 0.0558795
CLEC4D 0.0558536
LRCH1 0.0558324
OR12D3 0.0557645
ZNF70 0.0556953
ADORA3 0.0556547
ZNF219 0.0555541
CRTC3 0.0555529
LEF1 0.0555043
MT3 0.0553702
PITX3 0.0553118
TP53TG3 0.0553002
BASP1 0.0552857
REG1A 0.0552752
MBL2 0.0552083
OR9A4 0.0551859
OR1J1 0.0551691
NRROS 0.0551516
CLEC4G 0.0551306
HSF1 0.055085
CCSER1 0.0549961
CRB1 0.0548651
HRH4 0.0548619
PDPN 0.0548598
NDUFA11 0.0548426
LRRC52 0.0546785
ELFN1 0.0546482
APOA2 0.0546348
OR2T2 0.0546263
TSHZ2 0.0545226
IMPG1 0.054491
GP1BB 0.054491
OR1D5 0.0543755
OR4K15 0.0543375
OR1C1 0.0543359
SLPI 0.0542959
SFTPD 0.0542898
LINGO2 0.0542442
LRFN3 0.0541796
AMY1A 0.0541739
LRRC27 0.0541416
FAF2 0.0540247
WIF1 0.0539915
OR1E2 0.0539543
PATE3 0.0539349
LRRC8A 0.0539089
GAA 0.0537921
SIGLEC8 0.0537673
ZNF283 0.0537574
MGAM 0.0537291
LRFN5 0.0536941
GORASP2 0.053692
CD1D 0.0536353
ETFDH 0.0536044
PRR29 0.0535944
PCDHB14 0.0535944
IL12B 0.0535944
DNER 0.0535944
IGFALS 0.0535722
PILRA 0.0535627
TCF12 0.0535059
KIR2DS4 0.0535059
HDAC9 0.0535059
PSG8 0.0534288
LRRC61 0.0534288
KIR3DL3 0.0534288
PHF7 0.0534056
SERPINF2 0.0534025
VAPA 0.0533925
OR5AS1 0.053381
OR14A16 0.0533208
TOX4 0.0532702
LYPD4 0.0532484
FAM154B 0.0532306
SPINK13 0.0532011
IL5RA 0.0532011
GNPTG 0.0532011
CCDC108 0.0532011
AP1M2 0.0531034
OMD 0.0530705
FMOD 0.0530705
TAF6 0.053027
TMEM106B 0.0529375
SWI5 0.0528676
TMEM123 0.0528037
RUNX3 0.0527657
SPI1 0.0527535
OR11L1 0.0526953
HHIP 0.0526376
FOXC1 0.0526376
ASIC1 0.0526194
SERPINA9 0.0525441
ZEB2 0.0525258
KIR2DS5 0.0525258
GP9 0.0525258
OR11A1 0.0525066
RBP4 0.0525023
OR10H3 0.0524731
LRRC10 0.0524363
PALLD 0.0523852
INO80C 0.0522712
LRRC6 0.0521898
SIGLEC10 0.0521545
LGALSL 0.0521488
KRTAP1-5 0.0521233
LOC100287534 0.0520732
CSF2RB 0.0520727
HOXA2 0.0520471
HIPK1 0.0520471
OR1A2 0.0520187
LRRC34 0.0520044
ASPN 0.0520044
LRRC2 0.0519813
LRRC20 0.0519813
OR5R1 0.0519628
ZNF571 0.0519417
SLIT1 0.0519031
ZNF362 0.0518744
AMDHD2 0.0518538
LYPD6 0.0518357
FCER1A 0.0518237
SERPINB11 0.0517878
LSP1 0.0516708
OR4K2 0.0516433
KRTAP24-1 0.0516132
SYNPO 0.0515898
RAI2 0.0515898
PVRL2 0.0515898
ICAM3 0.0515898
FCGR3A 0.0515898
FCGR2B 0.0515898
EMB 0.0515898
C1QTNF8 0.0515898
TBX15 0.051481
LRRC43 0.0514193
LINGO4 0.0514193
FBXL4 0.0514193
ZNF232 0.0514132
ZSCAN5A 0.0514023
CDC42EP1 0.051388
USP50 0.0513389
ZNF837 0.0512883
ZNF566 0.0512453
GALNT15 0.0511375
TLR6 0.0511234
TLR1 0.0511234
CD14 0.0511234
PCDHGA10 0.0511114
OR1E1 0.0510962
LRFN2 0.0510955
MRC1 0.0510255
HELT 0.0509257
LRG1 0.0509208
SPINK9 0.0509126
SMAGP 0.0509001
PPP6R3 0.05089
RTN4R 0.0508459
ALX4 0.0508238
OSBPL10 0.0508084
IL34 0.0507595
FAM193B 0.0507226
CRLF2 0.0507226
PIP 0.0507002
LRRN4 0.0506895
EMP3 0.0506546
CREB3L3 0.0506478
IL22RA1 0.0506443
NRXN3 0.0506441
LILRA3 0.0506195
TLR3 0.0506172
OSER1 0.0505652
FCGR2C 0.0505652
ZNF423 0.0505398
RUNDC3B 0.0505325
LRRC56 0.0505241
RSU1 0.0504259
EGFL6 0.050415
XYLT2 0.0503733
MBNL3 0.0503685
KCP 0.0502958
DNAJA2 0.0502958
SH3BP5 0.0502937
RNF38 0.0502836
RNF169 0.0501405
A1BG 0.0501405
SPRY3 0.0501115
ZNF57 0.0500702
LRRC36 0.0499742
IL13RA2 0.0499662
TBX5 0.0499103
RBMS3 0.0498955
GAS6 0.0498852
MAP6D1 0.0498713
HLF 0.0498713
SUMF1 0.0498193
AKAP1 0.0497415
COLEC11 0.049641
RCSD1 0.0496373
PLAG1 0.0496373
CTCFL 0.0496013
OGN 0.0496003
NPTN 0.0496003
MAP3K7CL 0.0496003
LRRC55 0.0496003
LRCH3 0.0496003
ICAM4 0.0496003
FCGR2A 0.0496003
SCML4 0.0495971
TEX40 0.0495802
PRAMEF1 0.0495564
GAL3ST2 0.0495041
PDGFRL 0.0494992
FCRL1 0.0494992
LAYN 0.0494909
DMTN 0.0494787
CFC1B 0.0493917
OR5M9 0.0493754
CD28 0.0492751
LRRC16B 0.0492723
SERPINC1 0.0492209
SUMF2 0.0492133
CD46 0.0492133
FAM53C 0.0490584
C20orf203 0.0490109
LCNL1 0.0489967
OSBP2 0.0489521
C10orf91 0.0489061
PLEKHN1 0.0487994
STIM2 0.0487863
CD68 0.0487863
LOC100128905 0.0486644
SOX2 0.0486512
FAM122B 0.0486512
C10orf11 0.0486015
LRRC3B 0.048584
KIR2DS1 0.048584
ZAR1 0.0485326
TNXB 0.0485298
PLAGL1 0.0485268
AMIGO3 0.0485005
SOX8 0.0484633
ROBO1 0.0484543
TNRC6A 0.0484183
OR2G6 0.0484018
ARRDC1 0.0483852
FBXL19 0.0483641
REG3G 0.0483609
CRB2 0.0483344
FAM122A 0.0481713
CD59 0.0481066
GLCE 0.0480343
SP1 0.0480337
LRRC18 0.0480335
LRRC57 0.0479612
LINGO1 0.0479612
TRIM17 0.0479543
ARCN1 0.0479543
ETV1 0.0479408
PPP1R32 0.0479403
KRTAP1-1 0.0479403
GPR156 0.0479403
COMP 0.0479403
CITED2 0.0479403
SLIT2 0.0479053
IFNAR2 0.0478253
DNAJB6 0.0477401
MDGA2 0.0476837
CDKN1C 0.0476784
LRIT2 0.0476022
AMIGO1 0.0476022
PIDD 0.0475969
DCN 0.0475572
ZNF703 0.0474808
DACH2 0.0474695
NR1I2 0.0474119
CAMTA1 0.047372
FIP1L1 0.0473696
SERPING1 0.047353
CD1E 0.04735
PDX1 0.0471964
TLR10 0.0471915
LINGO3 0.0471915
SPRYD3 0.0471163
SGIP1 0.0471163
RELT 0.0471163
NBPF6 0.0471163
IKZF2 0.0471163
BBS9 0.0471131
EPM2A 0.0470424
AIM1L 0.0470278
IQCC 0.0470269
FCHO1 0.0469366
CCDC7 0.0468979
LIMA1 0.0468499
OR1J4 0.0468205
ZSCAN32 0.0467893
ZNF770 0.0467893
IL1RAPL2 0.0467893
HOXD10 0.0467288
OTP 0.0466769
PACRGL 0.0466567
ZNF579 0.0466007
OR8D1 0.0465869
LAIR2 0.04655
IL20 0.04655
LRRC8C 0.0464355
WISP3 0.0464008
B3GAT3 0.0463497
HAPLN4 0.0463457
TNIP2 0.046271
LCN8 0.0461396
NYX 0.0460321
NAP1L4 0.0460054
C14orf79 0.045982
SLITRK3 0.0459673
EGFR 0.0459514
MBD1 0.0459159
CEACAM8 0.0458691
MBP 0.0458665
WFDC12 0.0458419
EFNA3 0.0458419
ICA1 0.045777
FCGR1B 0.0457211
LAMP3 0.0456871
CD84 0.0456871
C1orf198 0.0456707
TRIL 0.0456439
BATF2 0.0456439
GRIA4 0.0456376
KRTAP10-3 0.0456128
C1orf86 0.0456039
UFD1L 0.0455758
THSD1 0.0454933
NLRC3 0.045468
CIART 0.0454636
CEACAM1 0.0454348
KRTAP26-1 0.0454169
CD180 0.0453654
PPP6R1 0.0452623
ZFAND6 0.0452605
RNF135 0.0452605
C8A 0.0452605
TCTE1 0.0452515
TCF7 0.0452515
SIGLEC11 0.0452515
CHADL 0.0452515
AMIGO2 0.0452515
TLR5 0.0452347
FOXE3 0.0451425
OR10H5 0.0450987
MC4R 0.045087
IL22 0.0450246
IL19 0.0450246
CGA 0.0449969
ASIC3 0.0448887
FOXJ1 0.0448604
TCP11 0.0448114
CYP11B1 0.0447797
ZNF441 0.0446832
RPS20 0.0446677
MRPL48 0.0446677
OGFR 0.0446642
CLCN1 0.0446046
LAMP1 0.0445114
NOV 0.0445043
ADAMTSL4 0.0445043
ADAMTSL2 0.0445043
OR1M1 0.044387
ORC3 0.0443313
CRABP1 0.0442443
ZBTB42 0.0442184
KRTAP13-1 0.0441361
CLDN7 0.0441173
OR7C2 0.0440405
TRO 0.0439999
PTTG1 0.0439999
OR7C1 0.0439774
ATP6V1E2 0.0438822
OR10J1 0.0438808
OR2D3 0.0438688
NAA30 0.0438617
NETO1 0.0438155
PSCA 0.0437995
COL8A2 0.0437995
RSPO3 0.0437818
SIGLEC14 0.0437292
MYCN 0.0436875
FLT1 0.0436561
ANGPTL1 0.0436124
SCRN3 0.0435776
FUT4 0.0435678
OR7A5 0.0435372
FBXO17 0.0434975
REG3A 0.0434409
CDX4 0.0433993
UGGT1 0.0433712
OR4D10 0.0433593
PSG5 0.0433279
OR2B6 0.0433153
FOXI3 0.0432647
TCF7L1 0.043256
NTN3 0.0432428
BGN 0.0432258
LYSMD2 0.0431862
OR5A2 0.0431763
PTGER1 0.0431524
CD3D 0.0431466
CD47 0.0431415
CLEC18B 0.0431256
C11orf16 0.043063
CRABP2 0.0430595
C17orf99 0.0430579
VIT 0.0430304
NRG1 0.0429908
VEGFA 0.0429216
KRTAP19-5 0.0428743
PSG4 0.0428238
GP1BA 0.0428238
TUBAL3 0.0428034
TEX37 0.0427571
CSNK2B 0.0427571
KIR3DS1 0.0426958
OR2T33 0.0426121
CD1B 0.0425726
FCRLA 0.0425712
SMAP2 0.0425648
LOC100286906 0.0425648
CCDC120 0.0425648
DCTN4 0.0425382
OSMR 0.0425162
LRIG1 0.0425162
LRRC40 0.0424596
SLC35A3 0.0424081
SOX11 0.0424012
BHLHB9 0.0423987
CNTN3 0.0423109
GLT8D2 0.0423005
SEMA3G 0.0422963
RBP7 0.0422779
RBP5 0.0422779
RBP2 0.0422779
RBP1 0.0422779
FABP9 0.0422779
FABP7 0.0422779
FABP5 0.0422779
FABP4 0.0422779
FABP3 0.0422779
FABP2 0.0422779
MITF 0.0422441
EFS 0.0422441
TGFA 0.0421662
CLPSL1 0.0421497
ZNF75A 0.0421303
ZNF674 0.0421303
ST18 0.0421205
OR1K1 0.0420829
BSDC1 0.0420254
DLL4 0.0420167
UQCRB 0.0419763
NELL1 0.0419726
CFC1 0.0419726
C20orf173 0.0419265
PPP3R2 0.0419246
OSBPL11 0.0418834
SIGLEC5 0.0418015
ARHGAP17 0.0417988
PSG2 0.0417518
ASMTL 0.0416586
PTGER3 0.0416408
AIM1 0.041595
FCAR 0.041577
NEFM 0.0415605
PCDH1 0.0415386
CYB561D1 0.0415386
MAMSTR 0.0413687
OR10H4 0.0412681
POU6F2 0.041259
OR4X2 0.0412353
PRB4 0.0412189
KRTAP4-3 0.0412189
TUBA4A 0.0412129
WDR33 0.0411193
USP39 0.0411037
MSI1 0.0410863
MRPL43 0.0410552
SSBP2 0.0409952
CD1C 0.0409884
SUPT20H 0.0409837
TUBE1 0.0409428
TMC1 0.0409338
SP6 0.0408698
OR2A2 0.0408436
NPPB 0.0407967
PGM2L1 0.0407813
PAX8 0.0407698
THAP4 0.0407492
SPACA4 0.0407492
SNRPA1 0.0407066
NOL3 0.0406734
OR7A10 0.0406278
MYOCD 0.0406223
RAD17 0.0406211
SH3RF2 0.0405416
PRR20C 0.0405416
BEGAIN 0.0405416
GPCPD1 0.0405357
PMP2 0.0405173
NAP1L1 0.0404428
KLF17 0.0403722
TRAPPC13 0.0403224
SLAMF9 0.0402831
CHID1 0.0402641
NTN5 0.040252
LRRC24 0.0402014
OR4N5 0.0401916
CRTC1 0.0401361
ASAH2B 0.0401259
THAP11 0.040078
TBCEL 0.0400741
MRPS10 0.0400677
RFX3 0.0400218
OR4B1 0.0399916
CFP 0.0399701
ZNF628 0.0399577
WIPF1 0.0399577
INSM2 0.0399577
OR10G4 0.0399563
PAX9 0.0399013
GFI1 0.0399013
ZNF668 0.0398951
LRP12 0.0398951
LARGE 0.0398902
FAM135A 0.0398648
OR10G9 0.0398286
PLXNA2 0.0398146
ELK4 0.0397142
OR5H6 0.0396807
KRTAP10-1 0.0396675
TRIM14 0.0395916
ZNF181 0.0395807
FGB 0.0395162
TCEAL6 0.0394565
INSM1 0.0394565
ATP6V0A1 0.0394268
PRR23C 0.0394266
CLCN2 0.039365
LTBP3 0.0393588
IL17REL 0.0393123
OR2A14 0.0391255
OR14I1 0.0391081
PLXNA1 0.0390976
CDH4 0.0390926
OR5D14 0.0390541
OR2S2 0.0390332
SMARCB1 0.039025
SLC25A10 0.0389819
CIITA 0.0389675
GSTA3 0.0389532
POU4F2 0.0389117
OR6C6 0.0389083
OR1L4 0.0389072
LOC101929601 0.0388886
PCDHA7 0.0388613
KRTAP1-3 0.0388613
ZBTB25 0.0388545
OR4C12 0.0388414
KRTAP4-6 0.0387999
MOG 0.0387519
IL2RB 0.0387473
GCM2 0.0387132
CRELD1 0.0386936
EBF4 0.0386306
C9orf89 0.0386039
CDSN 0.0385748
CLCC1 0.0385484
TSHZ1 0.0384875
FOXB1 0.038429
AWAT1 0.0384009
FAM166A 0.0383834
CNTN6 0.0383358
YY1AP1 0.0383356
RAD51AP1 0.0383356
PRR30 0.0383356
PRR22 0.0383356
NUPL2 0.0383356
MEF2A 0.0383356
LYNX1 0.0383356
KRTAP13-4 0.0383356
KNOP1 0.0383356
KLF11 0.0383356
GAP43 0.0383356
FOXO1 0.0383356
FAS 0.0383356
FAM222A 0.0383356
DLX1 0.0383356
BCL6 0.0383356
AGFG1 0.0383356
EGR3 0.0383252
SOX18 0.038323
JAZF1 0.038323
CD40 0.038323
OR52W1 0.0382697
ZIC2 0.0382569
CNGB1 0.0382569
OR1D2 0.0382066
WAC 0.0381938
ERV3-1 0.038165
RPL10L 0.0381419
PHACTR4 0.038085
EFEMP1 0.0379954
TMEM185A 0.0379908
OR10G8 0.03799
OR10H1 0.0379462
ELL3 0.0379414
ITLN1 0.0379384
FOXC2 0.0379296
PLEKHS1 0.0379023
REST 0.0378124
KRT14 0.0378042
OR4L1 0.0377889
TUBB1 0.0377408
FOXF2 0.0377232
NFIA 0.0376186
TMEM25 0.0376034
TCF4 0.0376034
PSG11 0.0376034
NTM 0.0376034
MYBL1 0.0376034
MAG 0.0376034
LRTM1 0.0376034
LRRN1 0.0376034
LRRC66 0.0376034
LRRC4 0.0376034
LRRC3C 0.0376034
LRFN4 0.0376034
KIRREL 0.0376034
KIR2DL1 0.0376034
IL1RL1 0.0376034
IL1R2 0.0376034
GORASP1 0.0376034
FBXL13 0.0376034
EIF4EBP2 0.0376034
CD276 0.0376034
CD19 0.0376034
C1orf110 0.0376034
C1orf106 0.0376034
BSG 0.0376034
MUC15 0.0375747
HSFY2 0.0375385
OR1L1 0.0375105
SLC14A1 0.0375068
KRTAP13-2 0.0374981
C9orf131 0.0374942
H1FOO 0.0374671
C3orf30 0.0374418
ZNF655 0.0374197
GEN1 0.0374197
VEGFC 0.0374074
DEGS1 0.0373816
GBX1 0.0373605
RHCE 0.0373378
KCTD9 0.0372515
CDHR5 0.0372393
VCAN 0.0371711
PARS2 0.0371522
C9orf152 0.0370494
TUBD1 0.0370238
PSEN2 0.0370174
KCNK18 0.0370158
PATE1 0.0369981
SEPT11 0.0369684
CD2 0.0369307
C11orf53 0.0369259
IL6R 0.036916
C3orf55 0.0368993
LRRC14 0.0368474
PCDHB5 0.0368444
CDH15 0.0368444
SSBP3 0.0368315
VN1R1 0.0368291
TCTN1 0.0367933
SP8 0.036791
MKL2 0.036791
LRRC15 0.036791
ESAM 0.036791
CIZ1 0.036791
C1orf174 0.0367887
AQP1 0.0367616
LRIT1 0.0367573
LILRA1 0.0367573
HNF1B 0.0367573
FCRL2 0.0367573
EFNA4 0.0367573
ANAPC10 0.0367361
LRRC31 0.0367296
SOX17 0.0367137
ZNF781 0.0366974
SP9 0.0366974
KRTAP10-12 0.0366974
GNAS 0.0366974
BCL11B 0.0366974
NUMB 0.0366794
LAT 0.0366794
KRTAP4-7 0.0366794
ETV3 0.0366707
MYCL 0.0366598
TNFRSF10D 0.0366139
SERPINB8 0.0366036
OR2G3 0.0365892
OR6C70 0.0365804
OR13F1 0.0364914
GSTM5 0.0364805
GSTM3 0.0364805
TNFRSF11A 0.0364634
MCRS1 0.0364634
ARID3A 0.0364634
SLC23A1 0.0364582
IL20RB 0.0364539
DMRTC1 0.0364539
HTR3B 0.0364435
BCAR1 0.0364431
ANP32B 0.0364398
HMGN5 0.036412
FNDC3B 0.036412
C2orf27B 0.0363667
JUNB 0.0363636
PRR23A 0.0363551
GATA3 0.0363551
OR6X1 0.0363423
PVRL3 0.0363374
CPAMD8 0.036335
FUZ 0.0363325
SLC19A3 0.0363205
TNFRSF4 0.0362909
C4orf19 0.0362909
SMAP1 0.036255
RUNX1 0.036255
MAMLD1 0.036255
FOXE1 0.036255
TNFRSF25 0.0362542
C3orf72 0.0362111
C11orf24 0.036207
VGLL3 0.0361991
NLRP1 0.0361957
FAM71B 0.0361751
SYNC 0.0361675
PGM3 0.0361591
C1orf229 0.0361591
OR8G1 0.0361238
PLA2G4D 0.0360944
PLXNC1 0.0360212
THBS2 0.0360184
DSN1 0.0360184
FBXL5 0.0360071
C16orf90 0.0360026
PIK3AP1 0.0359894
L3HYPDH 0.0359628
FLYWCH2 0.0359599
C19orf57 0.0359599
LRRC8D 0.035943
OR6C4 0.035908
B3GNT9 0.0359021
RANGAP1 0.0358994
CD4 0.0358994
IRF2BP2 0.0358762
NTRK2 0.0358135
ZNF473 0.035799
LAMTOR1 0.0357227
PEAR1 0.0357017
OR6S1 0.0356842
DGUOK 0.0356646
OR4M1 0.035662
PROSER2 0.0356571
FABP6 0.0356453
R3HDM2 0.0356443
KRTAP10-2 0.0356443
CLPSL2 0.0356261
CD58 0.0356255
BCAN 0.0356112
GREB1 0.0356084
ZNF19 0.0355988
APOH 0.0355988
ADAMTSL1 0.0355988
SLC2A9 0.0355548
SLC2A11 0.0355548
SLC2A1 0.0355548
DEF8 0.0355206
FGG 0.035519
PNN 0.0355177
LRIG3 0.0354572
PAQR5 0.0353956
ZNF555 0.0353545
PCDHB1 0.0353545
IFNB1 0.035309
IFNA8 0.035309
IFNA7 0.035309
IFNA6 0.035309
IFNA5 0.035309
IFNA4 0.035309
IFNA21 0.035309
IFNA2 0.035309
IFNA17 0.035309
IFNA16 0.035309
IFNA14 0.035309
IFNA13 0.035309
IFNA1 0.035309
IFNA10 0.035309
LYSMD1 0.0352978
CASC3 0.0352968
MACROD2 0.0352475
PTTG1IP 0.0352324
MSMO1 0.0352074
TK2 0.0351954
DNPEP 0.0351907
MRPL24 0.0351787
THADA 0.0351663
STK11IP 0.0351304
OSR2 0.0351168
C1R 0.0350866
HIC2 0.0350734
ZNF438 0.0350173
TNFRSF14 0.0350173
POFUT2 0.0350173
MICALL1 0.0350173
LTBR 0.0350173
LRRC37A 0.0350173
HNF1A 0.0350173
CCDC185 0.0350173
BTLA 0.0350173
ARID5A 0.0350173
ZNF148 0.0350124
FGA 0.0349867
STIM1 0.0349865
PCDHGB7 0.0349865
DSC2 0.0349865
KHNYN 0.0349864
ZSCAN10 0.034986
TACC2 0.034986
RANBP3 0.034986
F3 0.034983
MIP 0.0349776
PRAM1 0.0349597
SCNN1A 0.0349541
GYPB 0.0349441
ZNF414 0.0349414
SLC2A2 0.0349112
CBLN1 0.034898
SATL1 0.0348876
HAX1 0.0348876
PRDM1 0.0348662
IFNE 0.0348456
LIN28B 0.0348248
IL13RA1 0.034787
SMAD7 0.0347532
PLXND1 0.0347404
IFNW1 0.0347404
EBPL 0.0346744
CX3CR1 0.0346572
CPN2 0.0346503
ZNF623 0.0346228
FABP1 0.0346132
SLC2A3 0.0345856
OR4D9 0.0345791
LIN28A 0.0345656
EGR2 0.0345354
OR9A2 0.0345249
VSIG2 0.0345155
TNFRSF18 0.0345155
PVRL4 0.0345155
PSG6 0.0345155
MYOT 0.0345155
MYBPC1 0.0345155
LRRC58 0.0345155
LRRC39 0.0345155
KIRREL3 0.0345155
IGSF10 0.0345155
HEY1 0.0345155
FCRLB 0.0345155
FCRL6 0.0345155
OR1F1 0.0345088
ICOS 0.0345049
NDUFA10 0.0344956
TPRX1 0.0344912
METTL21A 0.0344886
GATA2 0.0344467
MAD2L1BP 0.0344426
CREB5 0.034417
CAST 0.0343843
PRR34 0.0343354
BCL6B 0.0343301
HGC6.3 0.0343183
TOR1AIP1 0.0342556
SERPINB6 0.0342551
MED26 0.0342538
SLC2A14 0.0342455
SLC2A10 0.0342455
RPE65 0.0342189
BCMO1 0.0342189
DCK 0.0342026
THBS1 0.0341728
TNFRSF11B 0.0341695
SLC2A5 0.0341255
PCOLCE 0.0340915
OR5AK2 0.0340641
SOX10 0.0340441
C9orf66 0.034041
PPP1R7 0.0340376
RHD 0.0340326
DKK2 0.0340311
OR8H1 0.0340143
OR6C3 0.0339741
NUCKS1 0.0339618
METTL21B 0.0339541
PPAP2A 0.0339509
NLRP8 0.0339239
SCN3B 0.0338996
MEX3B 0.0338534
TCF7L2 0.0338451
KRT82 0.0338451
PRAMEF16 0.0338353
AFAP1L2 0.0338135
TOX2 0.0338009
SEZ6L 0.0338009
PHLPP1 0.0338009
LUM 0.0338009
LRRC75A 0.0338009
LILRA4 0.0338009
KIR2DL3 0.0338009
TREX1 0.033796
TOP3B 0.033796
TOP3A 0.033796
MYT1L 0.0337957
PORCN 0.033772
GPR132 0.0337454
GAS2L1 0.0337416
AGTR1 0.0337277
OR5AP2 0.0337138
TBKBP1 0.0337136
IGSF23 0.0337008
TCEB3B 0.033653
CDCA5 0.033653
FXN 0.0336449
IL21R 0.0336294
MGRN1 0.0336226
MSL2 0.0336195
ELOVL5 0.0336143
MAP7D2 0.0335756
CDC42EP4 0.033543
LRRC71 0.0335357
LRFN1 0.0335357
CIC 0.0335347
C5orf45 0.0335277
SLC22A8 0.033514
SLAIN1 0.0335003
NLRP14 0.0334862
SEMG1 0.0334818
TRAF3IP1 0.0334798
SCN4B 0.0334798
GLI1 0.0334798
IL17B 0.0334718
CHI3L1 0.0334477
OCLN 0.0334443
C5orf52 0.0334076
OR2T12 0.0333995
ZDHHC16 0.0333909
DPP10 0.0333908
TREX2 0.0333854
ERI3 0.0333854
ERI1 0.0333854
RAB11FIP1 0.0333787
ROBO2 0.0333712
QRICH1 0.0333356
MTF1 0.0333356
MPHOSPH9 0.0333356
LRRC37A3 0.0333356
DCP1A 0.0333356
CXorf66 0.0333356
C1orf116 0.0333356
KPTN 0.0333334
GALT 0.0332861
USB1 0.0332724
TUT1 0.0332724
RRM1 0.0332724
OAS2 0.0332724
LARP4 0.0332668
OR10G3 0.0332507
STPG1 0.0332446
THAP5 0.0332373
C12orf56 0.0332373
GUSB 0.0332046
DPH3 0.0331882
LHX4 0.0331752
OR7D4 0.0331464
OR5I1 0.0330729
LOC390937 0.033071
SLC13A3 0.0330561
SLC2A6 0.0330553
SEPT10 0.0329787
TLR4 0.032974
OR8G5 0.0329659
RREB1 0.0329631
NPR3 0.0329605
STAMBP 0.0329375
REP15 0.0329213
SERPINI2 0.0329207
C15orf59 0.032892
ZC3H12A 0.0328904
GPR56 0.0328846
B4GALT1 0.0328845
IVL 0.0328758
TMEM217 0.0328552
TYMS 0.0328521
IGSF22 0.0328188
ALCAM 0.0328188
SOX9 0.032808
LDLRAD4 0.032808
SLC30A8 0.032798
C17orf80 0.032796
ISG20 0.0327853
FAM179B 0.0327584
CMPK1 0.0327541
CEMP1 0.03273
GFI1B 0.0327062
SPRR3 0.0326922
IL24 0.0326922
BTNL8 0.0326922
MPI 0.0326777
ATP5SL 0.0326777
METTL17 0.0326711
FAM53B 0.0326376
ZCWPW1 0.0326374
ARMCX2 0.0325406
LRRC42 0.0325362
LAMC3 0.0325362
GATAD2A 0.0325362
KRTAP27-1 0.0325318
TNFRSF6B 0.0325093
ARGFX 0.0325023
GLT8D1 0.0324901
OR4K5 0.0324583
GATM 0.0324471
PHLPP2 0.0324355
OR2A12 0.032417
SIGLEC1 0.0324083
UBAP1L 0.0324043
CDV3 0.0324043
CDCP2 0.0323873
TJAP1 0.0323871
TAL1 0.0323871
SAP25 0.0323871
KRTAP2-1 0.0323871
GGN 0.0323871
FAM217B 0.0323871
DPPA4 0.0323871
C6orf201 0.0323871
C2orf81 0.0323871
BBC3 0.0323871
SLC14A2 0.0323841
MLXIPL 0.0323804
CEBPB 0.0323804
SLC15A5 0.0323652
OR4F17 0.0323525
SLURP1 0.0323442
GXYLT2 0.0323225
IRX3 0.0323166
KRT7 0.0323102
FAM181B 0.0322875
ITGBL1 0.0322759
ZNF8 0.0322295
GPR31 0.0321989
GXYLT1 0.0321607
GPR52 0.0321571
AUNIP 0.0321336
GYLTL1B 0.0321328
DAB1 0.0321127
LRRC48 0.032095
C3orf18 0.0320907
MLLT3 0.032075
ZFPM1 0.0320711
MEF2BNB-MEF2B 0.0320711
CEP72 0.0320711
BACH1 0.0320711
OR10J5 0.0320634
C9orf173 0.0320509
RBMS1 0.0320421
TAF4B 0.0320369
IGSF1 0.0320369
CD3G 0.0320369
OR3A3 0.0320212
OR52E2 0.0320171
XXYLT1 0.0320087
OR2T10 0.0319981
PELI3 0.0319791
MS4A14 0.0319782
GSTA2 0.0319549
BAMBI 0.0319125
SPATC1 0.0318942
C10orf55 0.0318833
ZNF629 0.0318729
SERPINB9 0.0318551
SERPINB13 0.0318551
NR2C1 0.0318247
LRRC14B 0.0318056
LRCH4 0.0318056
TMEM150A 0.0318039
GYG2 0.0317954
CD3E 0.0317705
SALL1 0.0317595
OR8H3 0.0317336
OR2W3 0.0316804
LILRA5 0.0316771
HEPACAM 0.0316771
SLC50A1 0.0316421
OR2T35 0.0316349
OR10T2 0.0316206
ZNF286A 0.0315951
MS4A1 0.0315846
GLA 0.0315813
B3GNT4 0.0315785
ZNF395 0.0315657
SLC28A1 0.0315648
UCKL1 0.0315638
ROBO4 0.0315606
SRRM3 0.0315438
ERBB3 0.0315301
IL27RA 0.031523
NLRP7 0.0315104
ZNF215 0.0314864
C1QL2 0.0314864
CYB561A3 0.0314826
NFAM1 0.0314474
CD160 0.0314288
SERPINB7 0.0314133
SDCCAG3 0.0314032
KLF9 0.0313979
IKZF1 0.0313979
FCGR3B 0.0313825
STAT6 0.0313765
NEDD9 0.0313451
TEK 0.0313349
PVR 0.0312942
HDX 0.0312927
RUNDC3A 0.0312913
MC1R 0.0312825
SLC39A8 0.0312813
C21orf2 0.0312685
FAM110B 0.0312285
RNASEH2C 0.0312212
NELFA 0.0312212
LOC100506422 0.0312158
DUT 0.0312158
ZYG11B 0.0312136
LRRC73 0.0312136
GAB2 0.0311811
CERS1 0.0311639
ERBB2 0.0311604
IL4R 0.0311349
AFF1 0.0311326
OR10S1 0.0311255
GYG1 0.0311252
ZNF843 0.031087
PCDHB4 0.0310592
LY6G5B 0.0310353
SLC2A8 0.0310333
OSBPL6 0.0310284
ADAM33 0.0310022
ECM2 0.0309949
RSPO1 0.030979
CHTF8 0.030979
ORAI3 0.0309693
LRRC49 0.0309674
FAM117A 0.0309459
MUC7 0.0309389
MCPH1 0.0309389
EDA2R 0.0309389
CKAP2 0.0309306
LARP1B 0.0309263
CFDP1 0.0309263
IL17RA 0.0308955
SLC22A6 0.0308954
MAPT 0.0308934
CRLF1 0.0308729
FBXL14 0.0308655
ANGPTL6 0.0308619
UPRT 0.030855
CNTN4 0.0308277
WNT2 0.0308224
SEMA3E 0.0308164
LSR 0.0308069
NRG2 0.0308061
MAP1S 0.0308061
LRRC37A2 0.0308061
OR1A1 0.0308038
IL1R1 0.0307966
AK5 0.0307956
C17orf96 0.0307866
ZNF596 0.0307768
UNC5C 0.0307768
CDH11 0.0307768
FBXL7 0.0307747
NLGN4Y 0.0307519
CCR5 0.0307467
FBXO44 0.030741
EBI3 0.030741
DKK3 0.030741
RSPO2 0.0307215
TOX 0.03071
CLDN2 0.0307099
TBX22 0.0306934
KIR3DL2 0.030692
TMEFF1 0.0306866
FGFR2 0.0306819
FGFR1 0.0306819
NLRP12 0.0306687
C1orf43 0.0306294
FCN3 0.0306239
NIPA1 0.0306186
OR6V1 0.0305961
SPAG8 0.0305593
ZDHHC20 0.0305581
DSTYK 0.0305531
CSRNP3 0.0305516
CLDN11 0.0305353
OR14J1 0.0305333
BAHD1 0.0305169
PHOX2A 0.0305163
IL6ST 0.0305163
IL10RB 0.0305163
HCFC1R1 0.030516
GCSAM 0.0305146
GALM 0.0305146
MEFV 0.0305025
LRRC75B 0.0305025
AGA 0.0305001
TBCE 0.0304903
NFASC 0.0304903
LRIG2 0.0304903
LILRB5 0.0304903
HEPACAM2 0.0304903
FCRL5 0.0304903
FCRL4 0.0304903
FCRL3 0.0304903
CXADR 0.0304903
SORCS3 0.0304809
ARPP21 0.0304669
POLD3 0.0304511
OR52M1 0.030329
ARSA 0.0303266
PODXL 0.0303251
TASP1 0.0303027
RYK 0.0302935
EPHA3 0.0302846
SLITRK6 0.0302839
AQP7 0.0302783
AQP6 0.0302783
AQP5 0.0302783
AQP4 0.0302783
AQP2 0.0302783
AQP12B 0.0302783
AQP12A 0.0302783
AQP10 0.0302783
AQP3 0.030273
LOC646862 0.0302707
HOXB1 0.0302533
ASRGL1 0.0302511
MASP2 0.0302444
LRRD1 0.0302444
EPYC 0.0302395
LRRC1 0.0302394
FBXL12 0.0302394
GC 0.0301783
C2orf73 0.0301765
SEMA3C 0.030174
BTC 0.030174
CAGE1 0.0301723
TYRO3 0.0301475
MERTK 0.0301475
AXL 0.0301475
SERTM1 0.0301453
ERBB4 0.0301343
ZAP70 0.0301233
TNK2 0.0301233
MET 0.0301201
HOXC10 0.0301188
PKDCC 0.0300905
GNE 0.0300855
ADTRP 0.0300742
IRAK4 0.0300656
FGFR3 0.0300603
NLRP4 0.0300504
C5orf30 0.0300412
SMTNL1 0.0300248
SP3 0.0299935
PVRL1 0.0299935
PDCD1LG2 0.0299935
MAGED4 0.0299935
CEACAM19 0.0299935
AGER 0.0299935
HOXA5 0.0299908
ZNF574 0.0299733
C1orf94 0.0299628
NLRP13 0.0299574
ZFP36L2 0.029951
OR4A16 0.0299074
RNPEP 0.0298936
KLF10 0.0298779
RASSF5 0.0298759
IL10RA 0.0298555
IRAK3 0.0298429
AGL 0.0298403
LTK 0.0298371
PGM1 0.0298312
FAM120B 0.0298312
SP7 0.0298199
IL12RB1 0.0298079
CCR2 0.0298044
CX3CL1 0.0297925
HOXA4 0.0297757
SLAMF6 0.0297506
C17orf49 0.0297391
OR10J3 0.029739
ADAMTS17 0.0297319
NUFIP2 0.0297307
RBM26 0.0297274
FLT3 0.0297271
ZBTB49 0.0297262
ZNF559 0.0297024
RNF216 0.029699
FBXL2 0.029699
PRR19 0.0296946
OR2V2 0.0296923
ZYG11A 0.0296917
ZC3H12B 0.0296917
SOX7 0.0296917
PPP4R2 0.0296917
OPCML 0.0296917
LSAMP 0.0296917
CADM2 0.0296917
CADM1 0.0296917
ZNF329 0.0296694
ZIC5 0.0296576
SORCS1 0.0296336
ZNF365 0.0296297
AEN 0.029616
OR4D1 0.0296103
PTGR2 0.0295683
SEC31A 0.029562
THBS3 0.0295537
NXF5 0.0295438
LRRC72 0.0295438
CEACAM21 0.0295438
LARP1 0.029541
MAP3K7 0.0295028
PCDHA3 0.0294858
TGM2 0.0294806
TIE1 0.0294543
KIAA1804 0.0294543
TFRC 0.0294497
CCDC8 0.0294497
ZBTB4 0.0294376
MARVELD3 0.0294376
LOC100288255 0.0294376
CEP78 0.0294376
CD27 0.0294376
ATXN7L2 0.0294376
ARHGAP39 0.0294376
AGFG2 0.0294376
CHAMP1 0.0294163
RPTOR 0.0293897
ABCC8 0.0293893
ROR2 0.0293811
RET 0.0293811
PTK2B 0.0293811
PTK2 0.0293811
NTRK3 0.0293811
NTRK1 0.0293811
MUSK 0.0293811
LMTK3 0.0293811
FES 0.0293811
AZI2 0.0293727
GSTA4 0.0293615
KIT 0.029353
KDR 0.029353
NME9 0.0293479
KIAA1161 0.0293148
ZNF317 0.0293102
C17orf97 0.0293068
FAM171A1 0.029304
ICA1L 0.0292826
PMP22 0.0292818
OR56A3 0.0292656
OR51A4 0.0292648
TNK1 0.0292575
RIPK4 0.0292401
TEX14 0.0292354
BAZ2A 0.0292179
C17orf53 0.0292042
SERPINB5 0.0291858
WDR81 0.0291849
WDR76 0.0291849
WDR25 0.0291849
WDR20 0.0291849
TLE4 0.0291849
RBBP5 0.0291849
NEDD1 0.0291849
SEMA3F 0.0291844
ZNF692 0.0291756
NFYC 0.0291553
DCAF6 0.0291465
AQP9 0.0291315
IGSF21 0.0291264
CMKLR1 0.0291226
WDR47 0.029111
DFNB31 0.0291085
PIK3C2B 0.0290868
PHF21B 0.0290716
POU2F3 0.0290701
NKX2-1 0.0290701
ALK 0.0290577
ARID3C 0.0290547
OR10G7 0.0290362
SLITRK4 0.0290319
BCAS1 0.0290305
FBXL15 0.0290249
UNC5B 0.0290211
NPNT 0.0290152
MILR1 0.0290143
PYGO2 0.0290099
PCDH9 0.0290099
NCAM1 0.0290099
JAM2 0.0290099
IGDCC3 0.0290099
ICAM2 0.0290099
ANHX 0.0290099
CABLES2 0.0290015
WDR55 0.0289992
THOC6 0.0289992
STRN4 0.0289992
NUP43 0.0289992
FBXW11 0.0289949
EED 0.0289949
BTRC 0.0289949
TNNI3K 0.0289883
IWS1 0.0289874
LIMK2 0.0289797
IRAK1 0.0289748
GPR139 0.0289476
SERPINB2 0.0289165
MDGA1 0.0288955
CORO1A 0.028884
FZR1 0.0288806
TBL2 0.0288763
PAFAH1B1 0.0288763
LLGL2 0.0288763
GNB4 0.0288763
